DEBUG: Initializing GLFW platform
DEBUG: Initializing GLFW platform
DEBUG: Initializing GLFW platform
DEBUG: Initializing GLFW platform
DEBUG: GLFW platform setup complete
DEBUG: Getting window size
DEBUG: Initializing Vulkan
DEBUG: Loading Vulkan library
DEBUG: Loading global Vulkan procedures
DEBUG: Creating application info
DEBUG: Application info created
DEBUG: GLFW platform setup complete
DEBUG: GLFW platform setup complete
DEBUG: Getting window size
DEBUG: Getting window size
DEBUG: Initializing Vulkan
DEBUG: Initializing Vulkan
DEBUG: Loading Vulkan library
DEBUG: Loading Vulkan library
DEBUG: Loading global Vulkan procedures
DEBUG: Loading global Vulkan procedures
DEBUG: Creating application info
DEBUG: Creating application info
DEBUG: Application info created
DEBUG: Application info created
DEBUG: GLFW platform setup complete
DEBUG: Getting window size
DEBUG: Initializing Vulkan
DEBUG: Loading Vulkan library
DEBUG: Loading global Vulkan procedures
DEBUG: Creating application info
DEBUG: Application info created
DEBUG: About to create Vulkan instance
DEBUG: Validation layers enabled: true
DEBUG: Extension count: 3
DEBUG: Layer count: 1
DEBUG: CreateInstance returned: SUCCESS
DEBUG: Instance created successfully
DEBUG: Loading instance procedures
DEBUG: Creating Vulkan surface
Validation layer: linux_read_sorted_physical_devices:
Validation layer:      Original order:
Validation layer:            [0] NVIDIA GeForce RTX 4070 Laptop GPU
Validation layer:      Sorted order:
Validation layer:            [0] NVIDIA GeForce RTX 4070 Laptop GPU  
Validation layer: Copying old device 0 into new device 0
Validation layer: linux_read_sorted_physical_devices:
Validation layer:      Original order:
Validation layer:            [0] NVIDIA GeForce RTX 4070 Laptop GPU
Validation layer:      Sorted order:
Validation layer:            [0] NVIDIA GeForce RTX 4070 Laptop GPU  
Validation layer: Copying old device 0 into new device 0
Validation layer: linux_read_sorted_physical_devices:
Validation layer:      Original order:
Validation layer:            [0] NVIDIA GeForce RTX 4070 Laptop GPU
Validation layer:      Sorted order:
Validation layer:            [0] NVIDIA GeForce RTX 4070 Laptop GPU  
Validation layer: Copying old device 0 into new device 0
Validation layer: linux_read_sorted_physical_devices:
Validation layer:      Original order:
Validation layer:            [0] NVIDIA GeForce RTX 4070 Laptop GPU
Validation layer:      Sorted order:
Validation layer:            [0] NVIDIA GeForce RTX 4070 Laptop GPU  
Validation layer: Copying old device 0 into new device 0
Validation layer: Removing driver /usr/lib/libvulkan_intel.so due to not having any physical devices
Validation layer: Removing driver /usr/lib/libvulkan_intel_hasvk.so due to not having any physical devices
Validation layer: Inserted device layer "VK_LAYER_KHRONOS_validation" (libVkLayer_khronos_validation.so)
Validation layer: Failed to find vkGetDeviceProcAddr in layer "libVkLayer_MESA_device_select.so"
Validation layer: vkCreateDevice layer callstack setup to:
Validation layer:    <Application>
Validation layer:      ||
Validation layer:    <Loader>
Validation layer:      ||
Validation layer:    VK_LAYER_KHRONOS_validation
Validation layer:            Type: Explicit
Validation layer:            Enabled By: By the Application
Validation layer:            Manifest: /usr/share/vulkan/explicit_layer.d/VkLayer_khronos_validation.json
Validation layer:            Library:  libVkLayer_khronos_validation.so
Validation layer:      ||
Validation layer:    <Device>
Validation layer:        Using "NVIDIA GeForce RTX 4070 Laptop GPU" with driver: "libGLX_nvidia.so.0"
DEBUG: About to create Vulkan instance
DEBUG: Validation layers enabled: true
DEBUG: Extension count: 3
DEBUG: Layer count: 1
DEBUG: About to create Vulkan instance
DEBUG: Validation layers enabled: true
DEBUG: Extension count: 3
DEBUG: Layer count: 1
DEBUG: CreateInstance returned: SUCCESS
DEBUG: Instance created successfully
DEBUG: Loading instance procedures
DEBUG: Creating Vulkan surface
Validation layer: linux_read_sorted_physical_devices:
Validation layer:      Original order:
Validation layer:            [0] NVIDIA GeForce RTX 4070 Laptop GPU
Validation layer:      Sorted order:
Validation layer:            [0] NVIDIA GeForce RTX 4070 Laptop GPU  
Validation layer: Copying old device 0 into new device 0
Validation layer: linux_read_sorted_physical_devices:
Validation layer:      Original order:
Validation layer:            [0] NVIDIA GeForce RTX 4070 Laptop GPU
Validation layer:      Sorted order:
Validation layer:            [0] NVIDIA GeForce RTX 4070 Laptop GPU  
Validation layer: Copying old device 0 into new device 0
Validation layer: linux_read_sorted_physical_devices:
Validation layer:      Original order:
DEBUG: CreateInstance returned: SUCCESS
Validation layer:            [0] NVIDIA GeForce RTX 4070 Laptop GPU
DEBUG: Instance created successfully
Validation layer:      Sorted order:
DEBUG: Loading instance procedures
Validation layer:            [0] NVIDIA GeForce RTX 4070 Laptop GPU  
Validation layer: Copying old device 0 into new device 0
Validation layer: linux_read_sorted_physical_devices:
Validation layer:      Original order:
Validation layer:            [0] NVIDIA GeForce RTX 4070 Laptop GPU
Validation layer:      Sorted order:
Validation layer:            [0] NVIDIA GeForce RTX 4070 Laptop GPU  
Validation layer: Copying old device 0 into new device 0
Validation layer: Removing driver /usr/lib/libvulkan_intel.so due to not having any physical devices
Validation layer: Removing driver /usr/lib/libvulkan_intel_hasvk.so due to not having any physical devices
DEBUG: Creating Vulkan surface
Validation layer: linux_read_sorted_physical_devices:
Validation layer:      Original order:
Validation layer:            [0] NVIDIA GeForce RTX 4070 Laptop GPU
Validation layer:      Sorted order:
Validation layer:            [0] NVIDIA GeForce RTX 4070 Laptop GPU  
Validation layer: Copying old device 0 into new device 0
Validation layer: linux_read_sorted_physical_devices:
Validation layer:      Original order:
Validation layer:            [0] NVIDIA GeForce RTX 4070 Laptop GPU
Validation layer:      Sorted order:
Validation layer:            [0] NVIDIA GeForce RTX 4070 Laptop GPU  
Validation layer: Copying old device 0 into new device 0
Validation layer: linux_read_sorted_physical_devices:
Validation layer:      Original order:
Validation layer:            [0] NVIDIA GeForce RTX 4070 Laptop GPU
Validation layer:      Sorted order:
Validation layer:            [0] NVIDIA GeForce RTX 4070 Laptop GPU  
Validation layer: Copying old device 0 into new device 0
Validation layer: linux_read_sorted_physical_devices:
Validation layer:      Original order:
Validation layer:            [0] NVIDIA GeForce RTX 4070 Laptop GPU
Validation layer:      Sorted order:
Validation layer:            [0] NVIDIA GeForce RTX 4070 Laptop GPU  
Validation layer: Copying old device 0 into new device 0
Validation layer: Inserted device layer "VK_LAYER_KHRONOS_validation" (libVkLayer_khronos_validation.so)
Validation layer: Failed to find vkGetDeviceProcAddr in layer "libVkLayer_MESA_device_select.so"
Validation layer: vkCreateDevice layer callstack setup to:
Validation layer:    <Application>
Validation layer:      ||
Validation layer:    <Loader>
Validation layer:      ||
Validation layer:    VK_LAYER_KHRONOS_validation
Validation layer:            Type: Explicit
Validation layer:            Enabled By: By the Application
Validation layer: Removing driver /usr/lib/libvulkan_intel.so due to not having any physical devices
Validation layer:            Manifest: /usr/share/vulkan/explicit_layer.d/VkLayer_khronos_validation.json
Validation layer: Removing driver /usr/lib/libvulkan_intel_hasvk.so due to not having any physical devices
Validation layer:            Library:  libVkLayer_khronos_validation.so
Validation layer:      ||
Validation layer:    <Device>
Validation layer:        Using "NVIDIA GeForce RTX 4070 Laptop GPU" with driver: "libGLX_nvidia.so.0"
Validation layer: Inserted device layer "VK_LAYER_KHRONOS_validation" (libVkLayer_khronos_validation.so)
Validation layer: Failed to find vkGetDeviceProcAddr in layer "libVkLayer_MESA_device_select.so"
Validation layer: vkCreateDevice layer callstack setup to:
Validation layer:    <Application>
Validation layer:      ||
Validation layer:    <Loader>
Validation layer:      ||
Validation layer:    VK_LAYER_KHRONOS_validation
Validation layer:            Type: Explicit
Validation layer:            Enabled By: By the Application
Validation layer:            Manifest: /usr/share/vulkan/explicit_layer.d/VkLayer_khronos_validation.json
Validation layer:            Library:  libVkLayer_khronos_validation.so
Validation layer:      ||
Validation layer:    <Device>
Validation layer:        Using "NVIDIA GeForce RTX 4070 Laptop GPU" with driver: "libGLX_nvidia.so.0"
DEBUG: About to create Vulkan instance
DEBUG: Validation layers enabled: true
DEBUG: Extension count: 3
DEBUG: Layer count: 1
DEBUG: CreateInstance returned: SUCCESS
DEBUG: Instance created successfully
DEBUG: Loading instance procedures
DEBUG: Creating Vulkan surface
Validation layer: linux_read_sorted_physical_devices:
Validation layer:      Original order:
Validation layer:            [0] NVIDIA GeForce RTX 4070 Laptop GPU
Validation layer:      Sorted order:
Validation layer:            [0] NVIDIA GeForce RTX 4070 Laptop GPU  
Validation layer: Copying old device 0 into new device 0
Validation layer: linux_read_sorted_physical_devices:
Validation layer:      Original order:
Validation layer:            [0] NVIDIA GeForce RTX 4070 Laptop GPU
Validation layer:      Sorted order:
Validation layer:            [0] NVIDIA GeForce RTX 4070 Laptop GPU  
Validation layer: Copying old device 0 into new device 0
Validation layer: linux_read_sorted_physical_devices:
Validation layer:      Original order:
Validation layer:            [0] NVIDIA GeForce RTX 4070 Laptop GPU
Validation layer:      Sorted order:
Validation layer:            [0] NVIDIA GeForce RTX 4070 Laptop GPU  
Validation layer: Copying old device 0 into new device 0
Validation layer: linux_read_sorted_physical_devices:
Validation layer:      Original order:
Validation layer:            [0] NVIDIA GeForce RTX 4070 Laptop GPU
Validation layer:      Sorted order:
Validation layer:            [0] NVIDIA GeForce RTX 4070 Laptop GPU  
Validation layer: Copying old device 0 into new device 0
Validation layer: Removing driver /usr/lib/libvulkan_intel.so due to not having any physical devices
Validation layer: Removing driver /usr/lib/libvulkan_intel_hasvk.so due to not having any physical devices
Validation layer: Inserted device layer "VK_LAYER_KHRONOS_validation" (libVkLayer_khronos_validation.so)
Validation layer: Failed to find vkGetDeviceProcAddr in layer "libVkLayer_MESA_device_select.so"
Validation layer: vkCreateDevice layer callstack setup to:
Validation layer:    <Application>
Validation layer:      ||
Validation layer:    <Loader>
Validation layer:      ||
Validation layer:    VK_LAYER_KHRONOS_validation
Validation layer:            Type: Explicit
Validation layer:            Enabled By: By the Application
Validation layer:            Manifest: /usr/share/vulkan/explicit_layer.d/VkLayer_khronos_validation.json
Validation layer:            Library:  libVkLayer_khronos_validation.so
Validation layer:      ||
Validation layer:    <Device>
Validation layer:        Using "NVIDIA GeForce RTX 4070 Laptop GPU" with driver: "libGLX_nvidia.so.0"
DEBUG: Loading device procedures
DEBUG: Creating swapchain
DEBUG: Loading device procedures
DEBUG: Creating swapchain
DEBUG: Initializing resources
DEBUG: Loading device procedures
DEBUG: Creating swapchain
DEBUG: Initializing resources
DEBUG: Loading texture from file: test3.png
DEBUG: File size: 513626 bytes
DEBUG: Loading device procedures
DEBUG: Creating swapchain
DEBUG: Initializing resources
DEBUG: Loading texture from file: test3.png
DEBUG: File size: 513626 bytes
DEBUG: Initializing resources
DEBUG: Loading texture from file: test3.png
DEBUG: File size: 513626 bytes
DEBUG: Loading texture from file: test3.png
DEBUG: File size: 513626 bytes
DEBUG: Image dimensions: 1024 x 1024 channels: 4
DEBUG: Loading texture data, size: 4194304 bytes, dimensions: 1024 x 1024
DEBUG: Creating staging buffer...
DEBUG: Image dimensions: 1024 x 1024 channels: 4
DEBUG: Staging buffer created
DEBUG: Mapping staging buffer memory...
DEBUG: Copying data to staging buffer...
DEBUG: Loading texture data, size: 4194304 bytes, dimensions: 1024 x 1024
DEBUG: Creating staging buffer...
DEBUG: Image dimensions: 1024 x 1024 channels: 4
DEBUG: Unmapping staging buffer...
DEBUG: Creating texture image...
DEBUG: Loading texture data, size: 4194304 bytes, dimensions: 1024 x 1024
DEBUG: Creating staging buffer...
DEBUG: Staging buffer created
DEBUG: Mapping staging buffer memory...
DEBUG: Copying data to staging buffer...
DEBUG: Unmapping staging buffer...
DEBUG: Creating texture image...
DEBUG: Image dimensions: 1024 x 1024 channels: 4
DEBUG: Texture image created
DEBUG: Transitioning image layout to TRANSFER_DST_OPTIMAL...
DEBUG: Staging buffer created
DEBUG: Mapping staging buffer memory...
DEBUG: Copying data to staging buffer...
DEBUG: Texture image created
DEBUG: Transitioning image layout to TRANSFER_DST_OPTIMAL...
DEBUG: Loading texture data, size: 4194304 bytes, dimensions: 1024 x 1024
DEBUG: Creating staging buffer...
DEBUG: Unmapping staging buffer...
DEBUG: Creating texture image...
DEBUG: Copying buffer to image...
DEBUG: Transitioning image layout to SHADER_READ_ONLY_OPTIMAL...
DEBUG: Texture loading complete
DEBUG: Copying buffer to image...
DEBUG: Staging buffer created
DEBUG: Mapping staging buffer memory...
DEBUG: Copying data to staging buffer...
DEBUG: Texture image created
DEBUG: Transitioning image layout to TRANSFER_DST_OPTIMAL...
DEBUG: Unmapping staging buffer...
DEBUG: Creating texture image...
DEBUG: Transitioning image layout to SHADER_READ_ONLY_OPTIMAL...
DEBUG: Creating render pass...
DEBUG: Texture loading complete
DEBUG: Creating framebuffer...
DEBUG: Initialization complete
DEBUG: Vulkan init complete
Discovered 0 shaders: 
DEBUG: Texture image created
DEBUG: Transitioning image layout to TRANSFER_DST_OPTIMAL...
DEBUG: Copying buffer to image...
DEBUG: Transitioning image layout to SHADER_READ_ONLY_OPTIMAL...
DEBUG: Texture loading complete
DEBUG: Creating render pass...
DEBUG: Creating framebuffer...
DEBUG: Copying buffer to image...
DEBUG: Initialization complete
DEBUG: Vulkan init complete
Discovered 0 shaders: 
DEBUG: Transitioning image layout to SHADER_READ_ONLY_OPTIMAL...
DEBUG: Texture loading complete
DEBUG: Creating render pass...
DEBUG: Creating framebuffer...
DEBUG: Initialization complete
DEBUG: Vulkan init complete
Discovered 0 shaders: 
DEBUG: Creating render pass...
DEBUG: Creating framebuffer...
DEBUG: Initialization complete
DEBUG: Vulkan init complete
Discovered 0 shaders: 
REDOING Pipeline: vertex=graphics.hlsl, fragment=graphics.hlsl, width=800, height=600
REDOING Pipeline: vertex=graphics.hlsl, fragment=graphics.hlsl, width=800, height=600
REDOING Pipeline: vertex=graphics.hlsl, fragment=graphics.hlsl, width=800, height=600
REDOING Pipeline: vertex=graphics.hlsl, fragment=graphics.hlsl, width=800, height=600
REDOING Pipeline: vertex=post_process.hlsl, fragment=post_process.hlsl, width=800, height=600
REDOING Pipeline: vertex=post_process.hlsl, fragment=post_process.hlsl, width=800, height=600
REDOING Pipeline: vertex=post_process.hlsl, fragment=post_process.hlsl, width=800, height=600
REDOING Pipeline: vertex=post_process.hlsl, fragment=post_process.hlsl, width=800, height=600
Window resized to 1866x2056
Clearing pipeline cache (3 entries)
DEBUG: Loading texture from file: test3.png
DEBUG: File size: 513626 bytes
Window resized to 1866x1026
Clearing pipeline cache (3 entries)
Window resized to 1866x666
Clearing pipeline cache (3 entries)
Window resized to 1866x486
Clearing pipeline cache (3 entries)
DEBUG: Loading texture from file: test3.png
DEBUG: File size: 513626 bytes
DEBUG: Loading texture from file: test3.png
DEBUG: File size: 513626 bytes
DEBUG: Loading texture from file: test3.png
DEBUG: File size: 513626 bytes
DEBUG: Image dimensions: 1024 x 1024 channels: 4
DEBUG: Loading texture data, size: 4194304 bytes, dimensions: 1024 x 1024
DEBUG: Creating staging buffer...
DEBUG: Staging buffer created
DEBUG: Mapping staging buffer memory...
DEBUG: Copying data to staging buffer...
DEBUG: Unmapping staging buffer...
DEBUG: Creating texture image...
DEBUG: Texture image created
DEBUG: Transitioning image layout to TRANSFER_DST_OPTIMAL...
DEBUG: Copying buffer to image...
DEBUG: Transitioning image layout to SHADER_READ_ONLY_OPTIMAL...
DEBUG: Texture loading complete
DEBUG: Creating render pass...
DEBUG: Creating framebuffer...
DEBUG: Initialization complete
REDOING Pipeline: vertex=graphics.hlsl, fragment=graphics.hlsl, width=1866, height=2056
DEBUG: Image dimensions: 1024 x 1024 channels: 4
DEBUG: Loading texture data, size: 4194304 bytes, dimensions: 1024 x 1024
DEBUG: Creating staging buffer...
DEBUG: Staging buffer created
DEBUG: Mapping staging buffer memory...
DEBUG: Copying data to staging buffer...
DEBUG: Unmapping staging buffer...
DEBUG: Creating texture image...
DEBUG: Texture image created
DEBUG: Transitioning image layout to TRANSFER_DST_OPTIMAL...
DEBUG: Copying buffer to image...
DEBUG: Transitioning image layout to SHADER_READ_ONLY_OPTIMAL...
DEBUG: Texture loading complete
DEBUG: Image dimensions: 1024 x 1024 channels: 4
DEBUG: Creating render pass...
DEBUG: Creating framebuffer...
DEBUG: Initialization complete
DEBUG: Loading texture data, size: 4194304 bytes, dimensions: 1024 x 1024
DEBUG: Creating staging buffer...
DEBUG: Image dimensions: 1024 x 1024 channels: 4
DEBUG: Staging buffer created
DEBUG: Mapping staging buffer memory...
DEBUG: Copying data to staging buffer...
DEBUG: Loading texture data, size: 4194304 bytes, dimensions: 1024 x 1024
DEBUG: Creating staging buffer...
DEBUG: Unmapping staging buffer...
DEBUG: Creating texture image...
DEBUG: Staging buffer created
DEBUG: Mapping staging buffer memory...
DEBUG: Copying data to staging buffer...
DEBUG: Texture image created
DEBUG: Transitioning image layout to TRANSFER_DST_OPTIMAL...
DEBUG: Copying buffer to image...
DEBUG: Unmapping staging buffer...
DEBUG: Creating texture image...
DEBUG: Transitioning image layout to SHADER_READ_ONLY_OPTIMAL...
DEBUG: Texture image created
DEBUG: Transitioning image layout to TRANSFER_DST_OPTIMAL...
DEBUG: Texture loading complete
DEBUG: Copying buffer to image...
DEBUG: Transitioning image layout to SHADER_READ_ONLY_OPTIMAL...
DEBUG: Texture loading complete
DEBUG: Creating render pass...
DEBUG: Creating framebuffer...
DEBUG: Initialization complete
DEBUG: Creating render pass...
DEBUG: Creating framebuffer...
DEBUG: Initialization complete
REDOING Pipeline: vertex=graphics.hlsl, fragment=graphics.hlsl, width=1866, height=1026
REDOING Pipeline: vertex=graphics.hlsl, fragment=graphics.hlsl, width=1866, height=666
REDOING Pipeline: vertex=graphics.hlsl, fragment=graphics.hlsl, width=1866, height=486
REDOING Pipeline: vertex=post_process.hlsl, fragment=post_process.hlsl, width=1866, height=2056
REDOING Pipeline: vertex=post_process.hlsl, fragment=post_process.hlsl, width=1866, height=1026
REDOING Pipeline: vertex=post_process.hlsl, fragment=post_process.hlsl, width=1866, height=486
REDOING Pipeline: vertex=post_process.hlsl, fragment=post_process.hlsl, width=1866, height=666
Window resized to 1866x1026
Window resized to 1866x666
Window resized to 1866x486
Clearing pipeline cache (3 entries)
DEBUG: Loading texture from file: test3.png
DEBUG: File size: 513626 bytes
Window resized to 1866x716
Window resized to 1866x536
Clearing pipeline cache (3 entries)
Window resized to 1866x536
Clearing pipeline cache (3 entries)
DEBUG: Loading texture from file: test3.png
DEBUG: File size: 513626 bytes
DEBUG: Loading texture from file: test3.png
DEBUG: File size: 513626 bytes
DEBUG: Image dimensions: 1024 x 1024 channels: 4
DEBUG: Loading texture data, size: 4194304 bytes, dimensions: 1024 x 1024
DEBUG: Creating staging buffer...
DEBUG: Staging buffer created
DEBUG: Mapping staging buffer memory...
DEBUG: Copying data to staging buffer...
DEBUG: Unmapping staging buffer...
DEBUG: Creating texture image...
DEBUG: Texture image created
DEBUG: Transitioning image layout to TRANSFER_DST_OPTIMAL...
DEBUG: Copying buffer to image...
DEBUG: Transitioning image layout to SHADER_READ_ONLY_OPTIMAL...
DEBUG: Texture loading complete
DEBUG: Creating render pass...
DEBUG: Creating framebuffer...
DEBUG: Initialization complete
REDOING Pipeline: vertex=graphics.hlsl, fragment=graphics.hlsl, width=1866, height=486
DEBUG: Image dimensions: 1024 x 1024 channels: 4
DEBUG: Loading texture data, size: 4194304 bytes, dimensions: 1024 x 1024
DEBUG: Creating staging buffer...
DEBUG: Image dimensions: 1024 x 1024 channels: 4
DEBUG: Loading texture data, size: 4194304 bytes, dimensions: 1024 x 1024
DEBUG: Creating staging buffer...
DEBUG: Staging buffer created
DEBUG: Mapping staging buffer memory...
DEBUG: Copying data to staging buffer...
DEBUG: Staging buffer created
DEBUG: Mapping staging buffer memory...
DEBUG: Copying data to staging buffer...
DEBUG: Unmapping staging buffer...
DEBUG: Creating texture image...
DEBUG: Unmapping staging buffer...
DEBUG: Texture image created
DEBUG: Creating texture image...
DEBUG: Transitioning image layout to TRANSFER_DST_OPTIMAL...
DEBUG: Copying buffer to image...
DEBUG: Texture image created
DEBUG: Transitioning image layout to TRANSFER_DST_OPTIMAL...
DEBUG: Transitioning image layout to SHADER_READ_ONLY_OPTIMAL...
DEBUG: Copying buffer to image...
DEBUG: Texture loading complete
DEBUG: Transitioning image layout to SHADER_READ_ONLY_OPTIMAL...
DEBUG: Texture loading complete
DEBUG: Creating render pass...
DEBUG: Creating framebuffer...
DEBUG: Initialization complete
DEBUG: Creating render pass...
DEBUG: Creating framebuffer...
DEBUG: Initialization complete
REDOING Pipeline: vertex=graphics.hlsl, fragment=graphics.hlsl, width=1866, height=536
REDOING Pipeline: vertex=graphics.hlsl, fragment=graphics.hlsl, width=1866, height=536
REDOING Pipeline: vertex=post_process.hlsl, fragment=post_process.hlsl, width=1866, height=486
REDOING Pipeline: vertex=post_process.hlsl, fragment=post_process.hlsl, width=1866, height=536
REDOING Pipeline: vertex=post_process.hlsl, fragment=post_process.hlsl, width=1866, height=536
Cleaning up GLFW...
Window resized to 1866x666
Window resized to 1866x666
Window resized to 1866x716
Clearing pipeline cache (3 entries)
Clearing pipeline cache (3 entries)
Clearing pipeline cache (3 entries)
DEBUG: Loading texture from file: test3.png
DEBUG: File size: 513626 bytes
DEBUG: Loading texture from file: test3.png
DEBUG: File size: 513626 bytes
DEBUG: Loading texture from file: test3.png
DEBUG: File size: 513626 bytes
DEBUG: Image dimensions: 1024 x 1024 channels: 4
DEBUG: Image dimensions: 1024 x 1024 channels: 4
DEBUG: Loading texture data, size: 4194304 bytes, dimensions: 1024 x 1024
DEBUG: Creating staging buffer...
DEBUG: Image dimensions: 1024 x 1024 channels: 4
DEBUG: Loading texture data, size: 4194304 bytes, dimensions: 1024 x 1024
DEBUG: Creating staging buffer...
DEBUG: Loading texture data, size: 4194304 bytes, dimensions: 1024 x 1024
DEBUG: Creating staging buffer...
DEBUG: Staging buffer created
DEBUG: Mapping staging buffer memory...
DEBUG: Copying data to staging buffer...
DEBUG: Unmapping staging buffer...
DEBUG: Creating texture image...
DEBUG: Staging buffer created
DEBUG: Staging buffer created
DEBUG: Mapping staging buffer memory...
DEBUG: Mapping staging buffer memory...
DEBUG: Copying data to staging buffer...
DEBUG: Copying data to staging buffer...
DEBUG: Unmapping staging buffer...
DEBUG: Creating texture image...
DEBUG: Unmapping staging buffer...
DEBUG: Creating texture image...
DEBUG: Texture image created
DEBUG: Transitioning image layout to TRANSFER_DST_OPTIMAL...
DEBUG: Texture image created
DEBUG: Transitioning image layout to TRANSFER_DST_OPTIMAL...
DEBUG: Texture image created
DEBUG: Transitioning image layout to TRANSFER_DST_OPTIMAL...
DEBUG: Copying buffer to image...
DEBUG: Copying buffer to image...
DEBUG: Copying buffer to image...
DEBUG: Transitioning image layout to SHADER_READ_ONLY_OPTIMAL...
DEBUG: Transitioning image layout to SHADER_READ_ONLY_OPTIMAL...
DEBUG: Transitioning image layout to SHADER_READ_ONLY_OPTIMAL...
DEBUG: Texture loading complete
DEBUG: Texture loading complete
DEBUG: Texture loading complete
DEBUG: Creating render pass...
DEBUG: Creating framebuffer...
DEBUG: Initialization complete
DEBUG: Creating render pass...
DEBUG: Creating framebuffer...
DEBUG: Initialization complete
DEBUG: Creating render pass...
DEBUG: Creating framebuffer...
DEBUG: Initialization complete
Validation layer: vkCreateShaderModule(): pCreateInfo->codeSize must be greater than 0.
The Vulkan spec states: codeSize must be greater than 0 (https://docs.vulkan.org/spec/latest/chapters/shaders.html#VUID-VkShaderModuleCreateInfo-codeSize-01085)
/usr/include/c++/15.1.1/bits/shared_ptr_base.h:1344: _Tp* std::__shared_ptr_deref(_Tp*) [with _Tp = spirv::Module]: Assertion '__p != nullptr' failed.
REDOING Pipeline: vertex=graphics.hlsl, fragment=graphics.hlsl, width=1866, height=666
REDOING Pipeline: vertex=graphics.hlsl, fragment=graphics.hlsl, width=1866, height=666
REDOING Pipeline: vertex=post_process.hlsl, fragment=post_process.hlsl, width=1866, height=666
REDOING Pipeline: vertex=post_process.hlsl, fragment=post_process.hlsl, width=1866, height=666
Window resized to 1866x1026
Window resized to 1866x1026
Clearing pipeline cache (3 entries)
Clearing pipeline cache (3 entries)
DEBUG: Loading texture from file: test3.png
DEBUG: Loading texture from file: test3.png
DEBUG: File size: 513626 bytes
DEBUG: File size: 513626 bytes
DEBUG: Image dimensions: 1024 x 1024 channels: 4
DEBUG: Loading texture data, size: 4194304 bytes, dimensions: 1024 x 1024
DEBUG: Creating staging buffer...
DEBUG: Image dimensions: 1024 x 1024 channels: 4
DEBUG: Loading texture data, size: 4194304 bytes, dimensions: 1024 x 1024
DEBUG: Creating staging buffer...
DEBUG: Staging buffer created
DEBUG: Mapping staging buffer memory...
DEBUG: Copying data to staging buffer...
DEBUG: Staging buffer created
DEBUG: Mapping staging buffer memory...
DEBUG: Copying data to staging buffer...
DEBUG: Unmapping staging buffer...
DEBUG: Creating texture image...
DEBUG: Texture image created
DEBUG: Transitioning image layout to TRANSFER_DST_OPTIMAL...
DEBUG: Unmapping staging buffer...
DEBUG: Creating texture image...
DEBUG: Texture image created
DEBUG: Transitioning image layout to TRANSFER_DST_OPTIMAL...
DEBUG: Copying buffer to image...
DEBUG: Copying buffer to image...
DEBUG: Transitioning image layout to SHADER_READ_ONLY_OPTIMAL...
DEBUG: Transitioning image layout to SHADER_READ_ONLY_OPTIMAL...
DEBUG: Texture loading complete
DEBUG: Texture loading complete
DEBUG: Creating render pass...
DEBUG: Creating framebuffer...
DEBUG: Initialization complete
DEBUG: Creating render pass...
DEBUG: Creating framebuffer...
DEBUG: Initialization complete
REDOING Pipeline: vertex=graphics.hlsl, fragment=graphics.hlsl, width=1866, height=1026
REDOING Pipeline: vertex=graphics.hlsl, fragment=graphics.hlsl, width=1866, height=1026
REDOING Pipeline: vertex=post_process.hlsl, fragment=post_process.hlsl, width=1866, height=1026
REDOING Pipeline: vertex=post_process.hlsl, fragment=post_process.hlsl, width=1866, height=1026
Cleaning up GLFW...
Window resized to 1866x2056
Clearing pipeline cache (3 entries)
DEBUG: Loading texture from file: test3.png
DEBUG: File size: 513626 bytes
DEBUG: Image dimensions: 1024 x 1024 channels: 4
DEBUG: Loading texture data, size: 4194304 bytes, dimensions: 1024 x 1024
DEBUG: Creating staging buffer...
DEBUG: Staging buffer created
DEBUG: Mapping staging buffer memory...
DEBUG: Copying data to staging buffer...
DEBUG: Unmapping staging buffer...
DEBUG: Creating texture image...
DEBUG: Texture image created
DEBUG: Transitioning image layout to TRANSFER_DST_OPTIMAL...
DEBUG: Copying buffer to image...
DEBUG: Transitioning image layout to SHADER_READ_ONLY_OPTIMAL...
DEBUG: Texture loading complete
DEBUG: Creating render pass...
DEBUG: Creating framebuffer...
DEBUG: Initialization complete
REDOING Pipeline: vertex=graphics.hlsl, fragment=graphics.hlsl, width=1866, height=2056
REDOING Pipeline: vertex=post_process.hlsl, fragment=post_process.hlsl, width=1866, height=2056
